DEBUG - 2025-11-13 07:37:31 --> Session: Class initialized using 'CodeIgniter\Session\Handlers\FileHandler' driver.
DEBUG - 2025-11-13 07:37:44 --> Session: Class initialized using 'CodeIgniter\Session\Handlers\FileHandler' driver.
DEBUG - 2025-11-13 07:37:45 --> Session: Class initialized using 'CodeIgniter\Session\Handlers\FileHandler' driver.
DEBUG - 2025-11-13 07:38:11 --> Session: Class initialized using 'CodeIgniter\Session\Handlers\FileHandler' driver.
CRITICAL - 2025-11-13 07:38:11 --> TypeError: App\Libraries\Gsb_lib::get_annee_from_anneemois(): Argument #1 ($annee_mois) must be of type string, null given, called in Z:\BTS2\Informatique\AP\PITON\GSBFrais\app\Models\GsbModel.php on line 125
[Method: GET, Route: gererfrais]
in APPPATH\Libraries\Gsb_lib.php on line 29.
 1 APPPATH\Models\GsbModel.php(125): App\Libraries\Gsb_lib->get_annee_from_anneemois(null)
 2 APPPATH\Controllers\Gererfrais.php(45): App\Models\GsbModel->cree_nouvelles_lignes_frais('a100', '2025', '11')
 3 SYSTEMPATH\CodeIgniter.php(933): App\Controllers\Gererfrais->index()
 4 SYSTEMPATH\CodeIgniter.php(507): CodeIgniter\CodeIgniter->runController(Object(App\Controllers\Gererfrais))
 5 SYSTEMPATH\CodeIgniter.php(354): CodeIgniter\CodeIgniter->handleRequest(null, Object(Config\Cache), false)
 6 SYSTEMPATH\Boot.php(363): CodeIgniter\CodeIgniter->run()
 7 SYSTEMPATH\Boot.php(68): CodeIgniter\Boot::runCodeIgniter(Object(CodeIgniter\CodeIgniter))
 8 FCPATH\index.php(59): CodeIgniter\Boot::bootWeb(Object(Config\Paths))
 9 SYSTEMPATH\rewrite.php(44): require_once('Z:\\BTS2\\Informatique\\AP\\PITON\\GSBFrais\\public\\index.php')
DEBUG - 2025-11-13 07:47:12 --> Session: Class initialized using 'CodeIgniter\Session\Handlers\FileHandler' driver.
DEBUG - 2025-11-13 07:47:18 --> Session: Class initialized using 'CodeIgniter\Session\Handlers\FileHandler' driver.
DEBUG - 2025-11-13 07:47:19 --> Session: Class initialized using 'CodeIgniter\Session\Handlers\FileHandler' driver.
DEBUG - 2025-11-13 08:14:45 --> Session: Class initialized using 'CodeIgniter\Session\Handlers\FileHandler' driver.
DEBUG - 2025-11-13 08:14:46 --> Session: Class initialized using 'CodeIgniter\Session\Handlers\FileHandler' driver.
DEBUG - 2025-11-13 08:14:46 --> Session: Class initialized using 'CodeIgniter\Session\Handlers\FileHandler' driver.
ERROR - 2025-11-13 08:14:50 --> mysqli_sql_exception: Unknown column 'mdp' in 'where clause' in Z:\BTS2\Informatique\AP\PITON\GSBFrais\system\Database\MySQLi\Connection.php:327
Stack trace:
#0 Z:\BTS2\Informatique\AP\PITON\GSBFrais\system\Database\MySQLi\Connection.php(327): mysqli->query('SELECT `idutili...', 0)
#1 Z:\BTS2\Informatique\AP\PITON\GSBFrais\system\Database\BaseConnection.php(729): CodeIgniter\Database\MySQLi\Connection->execute('SELECT `idutili...')
#2 Z:\BTS2\Informatique\AP\PITON\GSBFrais\system\Database\BaseConnection.php(646): CodeIgniter\Database\BaseConnection->simpleQuery('SELECT `idutili...')
#3 Z:\BTS2\Informatique\AP\PITON\GSBFrais\system\Database\BaseBuilder.php(1649): CodeIgniter\Database\BaseConnection->query('SELECT `idutili...', Array, false)
#4 Z:\BTS2\Informatique\AP\PITON\GSBFrais\app\Models\GsbModel.php(17): CodeIgniter\Database\BaseBuilder->get()
#5 Z:\BTS2\Informatique\AP\PITON\GSBFrais\app\Controllers\Connexion.php(52): App\Models\GsbModel->get_infos_utilisateur('admin', 'admin')
#6 Z:\BTS2\Informatique\AP\PITON\GSBFrais\system\CodeIgniter.php(933): App\Controllers\Connexion->valider()
#7 Z:\BTS2\Informatique\AP\PITON\GSBFrais\system\CodeIgniter.php(507): CodeIgniter\CodeIgniter->runController(Object(App\Controllers\Connexion))
#8 Z:\BTS2\Informatique\AP\PITON\GSBFrais\system\CodeIgniter.php(354): CodeIgniter\CodeIgniter->handleRequest(NULL, Object(Config\Cache), false)
#9 Z:\BTS2\Informatique\AP\PITON\GSBFrais\system\Boot.php(363): CodeIgniter\CodeIgniter->run()
#10 Z:\BTS2\Informatique\AP\PITON\GSBFrais\system\Boot.php(68): CodeIgniter\Boot::runCodeIgniter(Object(CodeIgniter\CodeIgniter))
#11 Z:\BTS2\Informatique\AP\PITON\GSBFrais\public\index.php(59): CodeIgniter\Boot::bootWeb(Object(Config\Paths))
#12 Z:\BTS2\Informatique\AP\PITON\GSBFrais\system\rewrite.php(44): require_once('Z:\\BTS2\\Informa...')
#13 {main}
CRITICAL - 2025-11-13 08:14:51 --> CodeIgniter\Database\Exceptions\DatabaseException: Unknown column 'mdp' in 'where clause'
[Method: POST, Route: connexion/valider]
in SYSTEMPATH\Database\BaseConnection.php on line 684.
 1 SYSTEMPATH\Database\BaseBuilder.php(1649): CodeIgniter\Database\BaseConnection->query('SELECT `idutilisateur`, `nom`, `prenom`, `login`, `libelle`, `idRole`
FROM `infos_utilisateur`
WHERE `login` = :login:
AND `mdp` = :mdp:', [...], false)
 2 APPPATH\Models\GsbModel.php(17): CodeIgniter\Database\BaseBuilder->get()
 3 APPPATH\Controllers\Connexion.php(52): App\Models\GsbModel->get_infos_utilisateur('admin', 'admin')
 4 SYSTEMPATH\CodeIgniter.php(933): App\Controllers\Connexion->valider()
 5 SYSTEMPATH\CodeIgniter.php(507): CodeIgniter\CodeIgniter->runController(Object(App\Controllers\Connexion))
 6 SYSTEMPATH\CodeIgniter.php(354): CodeIgniter\CodeIgniter->handleRequest(null, Object(Config\Cache), false)
 7 SYSTEMPATH\Boot.php(363): CodeIgniter\CodeIgniter->run()
 8 SYSTEMPATH\Boot.php(68): CodeIgniter\Boot::runCodeIgniter(Object(CodeIgniter\CodeIgniter))
 9 FCPATH\index.php(59): CodeIgniter\Boot::bootWeb(Object(Config\Paths))
10 SYSTEMPATH\rewrite.php(44): require_once('Z:\\BTS2\\Informatique\\AP\\PITON\\GSBFrais\\public\\index.php')
CRITICAL - 2025-11-13 08:14:51 --> [Caused by] CodeIgniter\Database\Exceptions\DatabaseException: Unknown column 'mdp' in 'where clause'
in SYSTEMPATH\Database\MySQLi\Connection.php on line 332.
 1 SYSTEMPATH\Database\BaseConnection.php(729): CodeIgniter\Database\MySQLi\Connection->execute('SELECT `idutilisateur`, `nom`, `prenom`, `login`, `libelle`, `idRole`
FROM `infos_utilisateur`
WHERE `login` = \'admin\'
AND `mdp` = \'admin\'')
 2 SYSTEMPATH\Database\BaseConnection.php(646): CodeIgniter\Database\BaseConnection->simpleQuery('SELECT `idutilisateur`, `nom`, `prenom`, `login`, `libelle`, `idRole`
FROM `infos_utilisateur`
WHERE `login` = \'admin\'
AND `mdp` = \'admin\'')
 3 SYSTEMPATH\Database\BaseBuilder.php(1649): CodeIgniter\Database\BaseConnection->query('SELECT `idutilisateur`, `nom`, `prenom`, `login`, `libelle`, `idRole`
FROM `infos_utilisateur`
WHERE `login` = :login:
AND `mdp` = :mdp:', [...], false)
 4 APPPATH\Models\GsbModel.php(17): CodeIgniter\Database\BaseBuilder->get()
 5 APPPATH\Controllers\Connexion.php(52): App\Models\GsbModel->get_infos_utilisateur('admin', 'admin')
 6 SYSTEMPATH\CodeIgniter.php(933): App\Controllers\Connexion->valider()
 7 SYSTEMPATH\CodeIgniter.php(507): CodeIgniter\CodeIgniter->runController(Object(App\Controllers\Connexion))
 8 SYSTEMPATH\CodeIgniter.php(354): CodeIgniter\CodeIgniter->handleRequest(null, Object(Config\Cache), false)
 9 SYSTEMPATH\Boot.php(363): CodeIgniter\CodeIgniter->run()
10 SYSTEMPATH\Boot.php(68): CodeIgniter\Boot::runCodeIgniter(Object(CodeIgniter\CodeIgniter))
11 FCPATH\index.php(59): CodeIgniter\Boot::bootWeb(Object(Config\Paths))
12 SYSTEMPATH\rewrite.php(44): require_once('Z:\\BTS2\\Informatique\\AP\\PITON\\GSBFrais\\public\\index.php')
CRITICAL - 2025-11-13 08:14:51 --> [Caused by] mysqli_sql_exception: Unknown column 'mdp' in 'where clause'
in SYSTEMPATH\Database\MySQLi\Connection.php on line 327.
 1 SYSTEMPATH\Database\MySQLi\Connection.php(327): mysqli->query('SELECT `idutilisateur`, `nom`, `prenom`, `login`, `libelle`, `idRole`
FROM `infos_utilisateur`
WHERE `login` = \'admin\'
AND `mdp` = \'admin\'', 0)
 2 SYSTEMPATH\Database\BaseConnection.php(729): CodeIgniter\Database\MySQLi\Connection->execute('SELECT `idutilisateur`, `nom`, `prenom`, `login`, `libelle`, `idRole`
FROM `infos_utilisateur`
WHERE `login` = \'admin\'
AND `mdp` = \'admin\'')
 3 SYSTEMPATH\Database\BaseConnection.php(646): CodeIgniter\Database\BaseConnection->simpleQuery('SELECT `idutilisateur`, `nom`, `prenom`, `login`, `libelle`, `idRole`
FROM `infos_utilisateur`
WHERE `login` = \'admin\'
AND `mdp` = \'admin\'')
 4 SYSTEMPATH\Database\BaseBuilder.php(1649): CodeIgniter\Database\BaseConnection->query('SELECT `idutilisateur`, `nom`, `prenom`, `login`, `libelle`, `idRole`
FROM `infos_utilisateur`
WHERE `login` = :login:
AND `mdp` = :mdp:', [...], false)
 5 APPPATH\Models\GsbModel.php(17): CodeIgniter\Database\BaseBuilder->get()
 6 APPPATH\Controllers\Connexion.php(52): App\Models\GsbModel->get_infos_utilisateur('admin', 'admin')
 7 SYSTEMPATH\CodeIgniter.php(933): App\Controllers\Connexion->valider()
 8 SYSTEMPATH\CodeIgniter.php(507): CodeIgniter\CodeIgniter->runController(Object(App\Controllers\Connexion))
 9 SYSTEMPATH\CodeIgniter.php(354): CodeIgniter\CodeIgniter->handleRequest(null, Object(Config\Cache), false)
10 SYSTEMPATH\Boot.php(363): CodeIgniter\CodeIgniter->run()
11 SYSTEMPATH\Boot.php(68): CodeIgniter\Boot::runCodeIgniter(Object(CodeIgniter\CodeIgniter))
12 FCPATH\index.php(59): CodeIgniter\Boot::bootWeb(Object(Config\Paths))
13 SYSTEMPATH\rewrite.php(44): require_once('Z:\\BTS2\\Informatique\\AP\\PITON\\GSBFrais\\public\\index.php')
DEBUG - 2025-11-13 08:28:37 --> Session: Class initialized using 'CodeIgniter\Session\Handlers\FileHandler' driver.
DEBUG - 2025-11-13 08:28:41 --> Session: Class initialized using 'CodeIgniter\Session\Handlers\FileHandler' driver.
DEBUG - 2025-11-13 08:28:41 --> Session: Class initialized using 'CodeIgniter\Session\Handlers\FileHandler' driver.
DEBUG - 2025-11-13 08:53:40 --> Session: Class initialized using 'CodeIgniter\Session\Handlers\FileHandler' driver.
DEBUG - 2025-11-13 08:53:45 --> Session: Class initialized using 'CodeIgniter\Session\Handlers\FileHandler' driver.
DEBUG - 2025-11-13 08:53:45 --> Session: Class initialized using 'CodeIgniter\Session\Handlers\FileHandler' driver.
DEBUG - 2025-11-13 08:53:50 --> Session: Class initialized using 'CodeIgniter\Session\Handlers\FileHandler' driver.
CRITICAL - 2025-11-13 08:53:50 --> TypeError: App\Libraries\Gsb_lib::get_annee_from_anneemois(): Argument #1 ($annee_mois) must be of type string, null given, called in Z:\BTS2\Informatique\AP\PITON\GSBFrais\app\Models\GsbModel.php on line 124
[Method: GET, Route: gererfrais]
in APPPATH\Libraries\Gsb_lib.php on line 29.
 1 APPPATH\Models\GsbModel.php(124): App\Libraries\Gsb_lib->get_annee_from_anneemois(null)
 2 APPPATH\Controllers\Gererfrais.php(45): App\Models\GsbModel->cree_nouvelles_lignes_frais('a100', '2025', '11')
 3 SYSTEMPATH\CodeIgniter.php(933): App\Controllers\Gererfrais->index()
 4 SYSTEMPATH\CodeIgniter.php(507): CodeIgniter\CodeIgniter->runController(Object(App\Controllers\Gererfrais))
 5 SYSTEMPATH\CodeIgniter.php(354): CodeIgniter\CodeIgniter->handleRequest(null, Object(Config\Cache), false)
 6 SYSTEMPATH\Boot.php(363): CodeIgniter\CodeIgniter->run()
 7 SYSTEMPATH\Boot.php(68): CodeIgniter\Boot::runCodeIgniter(Object(CodeIgniter\CodeIgniter))
 8 FCPATH\index.php(59): CodeIgniter\Boot::bootWeb(Object(Config\Paths))
 9 SYSTEMPATH\rewrite.php(44): require_once('Z:\\BTS2\\Informatique\\AP\\PITON\\GSBFrais\\public\\index.php')
DEBUG - 2025-11-13 08:54:14 --> Session: Class initialized using 'CodeIgniter\Session\Handlers\FileHandler' driver.
DEBUG - 2025-11-13 08:54:17 --> Session: Class initialized using 'CodeIgniter\Session\Handlers\FileHandler' driver.
DEBUG - 2025-11-13 08:54:36 --> Session: Class initialized using 'CodeIgniter\Session\Handlers\FileHandler' driver.
DEBUG - 2025-11-13 08:54:36 --> Session: Class initialized using 'CodeIgniter\Session\Handlers\FileHandler' driver.
DEBUG - 2025-11-13 08:54:39 --> Session: Class initialized using 'CodeIgniter\Session\Handlers\FileHandler' driver.
DEBUG - 2025-11-13 08:54:41 --> Session: Class initialized using 'CodeIgniter\Session\Handlers\FileHandler' driver.
DEBUG - 2025-11-13 11:28:48 --> Session: Class initialized using 'CodeIgniter\Session\Handlers\FileHandler' driver.
ERROR - 2025-11-13 11:28:55 --> mysqli_sql_exception: Table 'gsbfrais-2025.infos_utilisateur' doesn't exist in Z:\BTS2\Informatique\AP\PITON\GSBFrais\system\Database\MySQLi\Connection.php:327
Stack trace:
#0 Z:\BTS2\Informatique\AP\PITON\GSBFrais\system\Database\MySQLi\Connection.php(327): mysqli->query('SELECT `idutili...', 0)
#1 Z:\BTS2\Informatique\AP\PITON\GSBFrais\system\Database\BaseConnection.php(729): CodeIgniter\Database\MySQLi\Connection->execute('SELECT `idutili...')
#2 Z:\BTS2\Informatique\AP\PITON\GSBFrais\system\Database\BaseConnection.php(646): CodeIgniter\Database\BaseConnection->simpleQuery('SELECT `idutili...')
#3 Z:\BTS2\Informatique\AP\PITON\GSBFrais\system\Database\BaseBuilder.php(1649): CodeIgniter\Database\BaseConnection->query('SELECT `idutili...', Array, false)
#4 Z:\BTS2\Informatique\AP\PITON\GSBFrais\app\Models\GsbModel.php(17): CodeIgniter\Database\BaseBuilder->get()
#5 Z:\BTS2\Informatique\AP\PITON\GSBFrais\app\Controllers\Connexion.php(52): App\Models\GsbModel->get_infos_utilisateur('admin', 'admin')
#6 Z:\BTS2\Informatique\AP\PITON\GSBFrais\system\CodeIgniter.php(933): App\Controllers\Connexion->valider()
#7 Z:\BTS2\Informatique\AP\PITON\GSBFrais\system\CodeIgniter.php(507): CodeIgniter\CodeIgniter->runController(Object(App\Controllers\Connexion))
#8 Z:\BTS2\Informatique\AP\PITON\GSBFrais\system\CodeIgniter.php(354): CodeIgniter\CodeIgniter->handleRequest(NULL, Object(Config\Cache), false)
#9 Z:\BTS2\Informatique\AP\PITON\GSBFrais\system\Boot.php(363): CodeIgniter\CodeIgniter->run()
#10 Z:\BTS2\Informatique\AP\PITON\GSBFrais\system\Boot.php(68): CodeIgniter\Boot::runCodeIgniter(Object(CodeIgniter\CodeIgniter))
#11 Z:\BTS2\Informatique\AP\PITON\GSBFrais\public\index.php(59): CodeIgniter\Boot::bootWeb(Object(Config\Paths))
#12 Z:\BTS2\Informatique\AP\PITON\GSBFrais\system\rewrite.php(44): require_once('Z:\\BTS2\\Informa...')
#13 {main}
CRITICAL - 2025-11-13 11:28:55 --> CodeIgniter\Database\Exceptions\DatabaseException: Table 'gsbfrais-2025.infos_utilisateur' doesn't exist
[Method: POST, Route: connexion/valider]
in SYSTEMPATH\Database\BaseConnection.php on line 684.
 1 SYSTEMPATH\Database\BaseBuilder.php(1649): CodeIgniter\Database\BaseConnection->query('SELECT `idutilisateur`, `nom`, `prenom`, `login`, `mdp`, `libelle`, `idRole`
FROM `infos_utilisateur`
WHERE `login` = :login:
AND `mdp` = :mdp:', [...], false)
 2 APPPATH\Models\GsbModel.php(17): CodeIgniter\Database\BaseBuilder->get()
 3 APPPATH\Controllers\Connexion.php(52): App\Models\GsbModel->get_infos_utilisateur('admin', 'admin')
 4 SYSTEMPATH\CodeIgniter.php(933): App\Controllers\Connexion->valider()
 5 SYSTEMPATH\CodeIgniter.php(507): CodeIgniter\CodeIgniter->runController(Object(App\Controllers\Connexion))
 6 SYSTEMPATH\CodeIgniter.php(354): CodeIgniter\CodeIgniter->handleRequest(null, Object(Config\Cache), false)
 7 SYSTEMPATH\Boot.php(363): CodeIgniter\CodeIgniter->run()
 8 SYSTEMPATH\Boot.php(68): CodeIgniter\Boot::runCodeIgniter(Object(CodeIgniter\CodeIgniter))
 9 FCPATH\index.php(59): CodeIgniter\Boot::bootWeb(Object(Config\Paths))
10 SYSTEMPATH\rewrite.php(44): require_once('Z:\\BTS2\\Informatique\\AP\\PITON\\GSBFrais\\public\\index.php')
CRITICAL - 2025-11-13 11:28:55 --> [Caused by] CodeIgniter\Database\Exceptions\DatabaseException: Table 'gsbfrais-2025.infos_utilisateur' doesn't exist
in SYSTEMPATH\Database\MySQLi\Connection.php on line 332.
 1 SYSTEMPATH\Database\BaseConnection.php(729): CodeIgniter\Database\MySQLi\Connection->execute('SELECT `idutilisateur`, `nom`, `prenom`, `login`, `mdp`, `libelle`, `idRole`
FROM `infos_utilisateur`
WHERE `login` = \'admin\'
AND `mdp` = \'admin\'')
 2 SYSTEMPATH\Database\BaseConnection.php(646): CodeIgniter\Database\BaseConnection->simpleQuery('SELECT `idutilisateur`, `nom`, `prenom`, `login`, `mdp`, `libelle`, `idRole`
FROM `infos_utilisateur`
WHERE `login` = \'admin\'
AND `mdp` = \'admin\'')
 3 SYSTEMPATH\Database\BaseBuilder.php(1649): CodeIgniter\Database\BaseConnection->query('SELECT `idutilisateur`, `nom`, `prenom`, `login`, `mdp`, `libelle`, `idRole`
FROM `infos_utilisateur`
WHERE `login` = :login:
AND `mdp` = :mdp:', [...], false)
 4 APPPATH\Models\GsbModel.php(17): CodeIgniter\Database\BaseBuilder->get()
 5 APPPATH\Controllers\Connexion.php(52): App\Models\GsbModel->get_infos_utilisateur('admin', 'admin')
 6 SYSTEMPATH\CodeIgniter.php(933): App\Controllers\Connexion->valider()
 7 SYSTEMPATH\CodeIgniter.php(507): CodeIgniter\CodeIgniter->runController(Object(App\Controllers\Connexion))
 8 SYSTEMPATH\CodeIgniter.php(354): CodeIgniter\CodeIgniter->handleRequest(null, Object(Config\Cache), false)
 9 SYSTEMPATH\Boot.php(363): CodeIgniter\CodeIgniter->run()
10 SYSTEMPATH\Boot.php(68): CodeIgniter\Boot::runCodeIgniter(Object(CodeIgniter\CodeIgniter))
11 FCPATH\index.php(59): CodeIgniter\Boot::bootWeb(Object(Config\Paths))
12 SYSTEMPATH\rewrite.php(44): require_once('Z:\\BTS2\\Informatique\\AP\\PITON\\GSBFrais\\public\\index.php')
CRITICAL - 2025-11-13 11:28:55 --> [Caused by] mysqli_sql_exception: Table 'gsbfrais-2025.infos_utilisateur' doesn't exist
in SYSTEMPATH\Database\MySQLi\Connection.php on line 327.
 1 SYSTEMPATH\Database\MySQLi\Connection.php(327): mysqli->query('SELECT `idutilisateur`, `nom`, `prenom`, `login`, `mdp`, `libelle`, `idRole`
FROM `infos_utilisateur`
WHERE `login` = \'admin\'
AND `mdp` = \'admin\'', 0)
 2 SYSTEMPATH\Database\BaseConnection.php(729): CodeIgniter\Database\MySQLi\Connection->execute('SELECT `idutilisateur`, `nom`, `prenom`, `login`, `mdp`, `libelle`, `idRole`
FROM `infos_utilisateur`
WHERE `login` = \'admin\'
AND `mdp` = \'admin\'')
 3 SYSTEMPATH\Database\BaseConnection.php(646): CodeIgniter\Database\BaseConnection->simpleQuery('SELECT `idutilisateur`, `nom`, `prenom`, `login`, `mdp`, `libelle`, `idRole`
FROM `infos_utilisateur`
WHERE `login` = \'admin\'
AND `mdp` = \'admin\'')
 4 SYSTEMPATH\Database\BaseBuilder.php(1649): CodeIgniter\Database\BaseConnection->query('SELECT `idutilisateur`, `nom`, `prenom`, `login`, `mdp`, `libelle`, `idRole`
FROM `infos_utilisateur`
WHERE `login` = :login:
AND `mdp` = :mdp:', [...], false)
 5 APPPATH\Models\GsbModel.php(17): CodeIgniter\Database\BaseBuilder->get()
 6 APPPATH\Controllers\Connexion.php(52): App\Models\GsbModel->get_infos_utilisateur('admin', 'admin')
 7 SYSTEMPATH\CodeIgniter.php(933): App\Controllers\Connexion->valider()
 8 SYSTEMPATH\CodeIgniter.php(507): CodeIgniter\CodeIgniter->runController(Object(App\Controllers\Connexion))
 9 SYSTEMPATH\CodeIgniter.php(354): CodeIgniter\CodeIgniter->handleRequest(null, Object(Config\Cache), false)
10 SYSTEMPATH\Boot.php(363): CodeIgniter\CodeIgniter->run()
11 SYSTEMPATH\Boot.php(68): CodeIgniter\Boot::runCodeIgniter(Object(CodeIgniter\CodeIgniter))
12 FCPATH\index.php(59): CodeIgniter\Boot::bootWeb(Object(Config\Paths))
13 SYSTEMPATH\rewrite.php(44): require_once('Z:\\BTS2\\Informatique\\AP\\PITON\\GSBFrais\\public\\index.php')
ERROR - 2025-11-13 12:00:08 --> mysqli_sql_exception: Table 'gsbfrais-2025.infos_utilisateur' doesn't exist in Z:\BTS2\Informatique\AP\PITON\GSBFrais\system\Database\MySQLi\Connection.php:327
Stack trace:
#0 Z:\BTS2\Informatique\AP\PITON\GSBFrais\system\Database\MySQLi\Connection.php(327): mysqli->query('SELECT `idutili...', 0)
#1 Z:\BTS2\Informatique\AP\PITON\GSBFrais\system\Database\BaseConnection.php(729): CodeIgniter\Database\MySQLi\Connection->execute('SELECT `idutili...')
#2 Z:\BTS2\Informatique\AP\PITON\GSBFrais\system\Database\BaseConnection.php(646): CodeIgniter\Database\BaseConnection->simpleQuery('SELECT `idutili...')
#3 Z:\BTS2\Informatique\AP\PITON\GSBFrais\system\Database\BaseBuilder.php(1649): CodeIgniter\Database\BaseConnection->query('SELECT `idutili...', Array, false)
#4 Z:\BTS2\Informatique\AP\PITON\GSBFrais\app\Models\GsbModel.php(17): CodeIgniter\Database\BaseBuilder->get()
#5 Z:\BTS2\Informatique\AP\PITON\GSBFrais\app\Controllers\Connexion.php(52): App\Models\GsbModel->get_infos_utilisateur('admin', 'admin')
#6 Z:\BTS2\Informatique\AP\PITON\GSBFrais\system\CodeIgniter.php(933): App\Controllers\Connexion->valider()
#7 Z:\BTS2\Informatique\AP\PITON\GSBFrais\system\CodeIgniter.php(507): CodeIgniter\CodeIgniter->runController(Object(App\Controllers\Connexion))
#8 Z:\BTS2\Informatique\AP\PITON\GSBFrais\system\CodeIgniter.php(354): CodeIgniter\CodeIgniter->handleRequest(NULL, Object(Config\Cache), false)
#9 Z:\BTS2\Informatique\AP\PITON\GSBFrais\system\Boot.php(363): CodeIgniter\CodeIgniter->run()
#10 Z:\BTS2\Informatique\AP\PITON\GSBFrais\system\Boot.php(68): CodeIgniter\Boot::runCodeIgniter(Object(CodeIgniter\CodeIgniter))
#11 Z:\BTS2\Informatique\AP\PITON\GSBFrais\public\index.php(59): CodeIgniter\Boot::bootWeb(Object(Config\Paths))
#12 Z:\BTS2\Informatique\AP\PITON\GSBFrais\system\rewrite.php(44): require_once('Z:\\BTS2\\Informa...')
#13 {main}
CRITICAL - 2025-11-13 12:00:08 --> CodeIgniter\Database\Exceptions\DatabaseException: Table 'gsbfrais-2025.infos_utilisateur' doesn't exist
[Method: POST, Route: connexion/valider]
in SYSTEMPATH\Database\BaseConnection.php on line 684.
 1 SYSTEMPATH\Database\BaseBuilder.php(1649): CodeIgniter\Database\BaseConnection->query('SELECT `idutilisateur`, `nom`, `prenom`, `login`, `mdp`, `libelle`, `idRole`
FROM `infos_utilisateur`
WHERE `login` = :login:
AND `mdp` = :mdp:', [...], false)
 2 APPPATH\Models\GsbModel.php(17): CodeIgniter\Database\BaseBuilder->get()
 3 APPPATH\Controllers\Connexion.php(52): App\Models\GsbModel->get_infos_utilisateur('admin', 'admin')
 4 SYSTEMPATH\CodeIgniter.php(933): App\Controllers\Connexion->valider()
 5 SYSTEMPATH\CodeIgniter.php(507): CodeIgniter\CodeIgniter->runController(Object(App\Controllers\Connexion))
 6 SYSTEMPATH\CodeIgniter.php(354): CodeIgniter\CodeIgniter->handleRequest(null, Object(Config\Cache), false)
 7 SYSTEMPATH\Boot.php(363): CodeIgniter\CodeIgniter->run()
 8 SYSTEMPATH\Boot.php(68): CodeIgniter\Boot::runCodeIgniter(Object(CodeIgniter\CodeIgniter))
 9 FCPATH\index.php(59): CodeIgniter\Boot::bootWeb(Object(Config\Paths))
10 SYSTEMPATH\rewrite.php(44): require_once('Z:\\BTS2\\Informatique\\AP\\PITON\\GSBFrais\\public\\index.php')
CRITICAL - 2025-11-13 12:00:08 --> [Caused by] CodeIgniter\Database\Exceptions\DatabaseException: Table 'gsbfrais-2025.infos_utilisateur' doesn't exist
in SYSTEMPATH\Database\MySQLi\Connection.php on line 332.
 1 SYSTEMPATH\Database\BaseConnection.php(729): CodeIgniter\Database\MySQLi\Connection->execute('SELECT `idutilisateur`, `nom`, `prenom`, `login`, `mdp`, `libelle`, `idRole`
FROM `infos_utilisateur`
WHERE `login` = \'admin\'
AND `mdp` = \'admin\'')
 2 SYSTEMPATH\Database\BaseConnection.php(646): CodeIgniter\Database\BaseConnection->simpleQuery('SELECT `idutilisateur`, `nom`, `prenom`, `login`, `mdp`, `libelle`, `idRole`
FROM `infos_utilisateur`
WHERE `login` = \'admin\'
AND `mdp` = \'admin\'')
 3 SYSTEMPATH\Database\BaseBuilder.php(1649): CodeIgniter\Database\BaseConnection->query('SELECT `idutilisateur`, `nom`, `prenom`, `login`, `mdp`, `libelle`, `idRole`
FROM `infos_utilisateur`
WHERE `login` = :login:
AND `mdp` = :mdp:', [...], false)
 4 APPPATH\Models\GsbModel.php(17): CodeIgniter\Database\BaseBuilder->get()
 5 APPPATH\Controllers\Connexion.php(52): App\Models\GsbModel->get_infos_utilisateur('admin', 'admin')
 6 SYSTEMPATH\CodeIgniter.php(933): App\Controllers\Connexion->valider()
 7 SYSTEMPATH\CodeIgniter.php(507): CodeIgniter\CodeIgniter->runController(Object(App\Controllers\Connexion))
 8 SYSTEMPATH\CodeIgniter.php(354): CodeIgniter\CodeIgniter->handleRequest(null, Object(Config\Cache), false)
 9 SYSTEMPATH\Boot.php(363): CodeIgniter\CodeIgniter->run()
10 SYSTEMPATH\Boot.php(68): CodeIgniter\Boot::runCodeIgniter(Object(CodeIgniter\CodeIgniter))
11 FCPATH\index.php(59): CodeIgniter\Boot::bootWeb(Object(Config\Paths))
12 SYSTEMPATH\rewrite.php(44): require_once('Z:\\BTS2\\Informatique\\AP\\PITON\\GSBFrais\\public\\index.php')
CRITICAL - 2025-11-13 12:00:08 --> [Caused by] mysqli_sql_exception: Table 'gsbfrais-2025.infos_utilisateur' doesn't exist
in SYSTEMPATH\Database\MySQLi\Connection.php on line 327.
 1 SYSTEMPATH\Database\MySQLi\Connection.php(327): mysqli->query('SELECT `idutilisateur`, `nom`, `prenom`, `login`, `mdp`, `libelle`, `idRole`
FROM `infos_utilisateur`
WHERE `login` = \'admin\'
AND `mdp` = \'admin\'', 0)
 2 SYSTEMPATH\Database\BaseConnection.php(729): CodeIgniter\Database\MySQLi\Connection->execute('SELECT `idutilisateur`, `nom`, `prenom`, `login`, `mdp`, `libelle`, `idRole`
FROM `infos_utilisateur`
WHERE `login` = \'admin\'
AND `mdp` = \'admin\'')
 3 SYSTEMPATH\Database\BaseConnection.php(646): CodeIgniter\Database\BaseConnection->simpleQuery('SELECT `idutilisateur`, `nom`, `prenom`, `login`, `mdp`, `libelle`, `idRole`
FROM `infos_utilisateur`
WHERE `login` = \'admin\'
AND `mdp` = \'admin\'')
 4 SYSTEMPATH\Database\BaseBuilder.php(1649): CodeIgniter\Database\BaseConnection->query('SELECT `idutilisateur`, `nom`, `prenom`, `login`, `mdp`, `libelle`, `idRole`
FROM `infos_utilisateur`
WHERE `login` = :login:
AND `mdp` = :mdp:', [...], false)
 5 APPPATH\Models\GsbModel.php(17): CodeIgniter\Database\BaseBuilder->get()
 6 APPPATH\Controllers\Connexion.php(52): App\Models\GsbModel->get_infos_utilisateur('admin', 'admin')
 7 SYSTEMPATH\CodeIgniter.php(933): App\Controllers\Connexion->valider()
 8 SYSTEMPATH\CodeIgniter.php(507): CodeIgniter\CodeIgniter->runController(Object(App\Controllers\Connexion))
 9 SYSTEMPATH\CodeIgniter.php(354): CodeIgniter\CodeIgniter->handleRequest(null, Object(Config\Cache), false)
10 SYSTEMPATH\Boot.php(363): CodeIgniter\CodeIgniter->run()
11 SYSTEMPATH\Boot.php(68): CodeIgniter\Boot::runCodeIgniter(Object(CodeIgniter\CodeIgniter))
12 FCPATH\index.php(59): CodeIgniter\Boot::bootWeb(Object(Config\Paths))
13 SYSTEMPATH\rewrite.php(44): require_once('Z:\\BTS2\\Informatique\\AP\\PITON\\GSBFrais\\public\\index.php')
DEBUG - 2025-11-13 12:00:08 --> Session: Class initialized using 'CodeIgniter\Session\Handlers\FileHandler' driver.
ERROR - 2025-11-13 12:00:12 --> mysqli_sql_exception: Table 'gsbfrais-2025.infos_utilisateur' doesn't exist in Z:\BTS2\Informatique\AP\PITON\GSBFrais\system\Database\MySQLi\Connection.php:327
Stack trace:
#0 Z:\BTS2\Informatique\AP\PITON\GSBFrais\system\Database\MySQLi\Connection.php(327): mysqli->query('SELECT `idutili...', 0)
#1 Z:\BTS2\Informatique\AP\PITON\GSBFrais\system\Database\BaseConnection.php(729): CodeIgniter\Database\MySQLi\Connection->execute('SELECT `idutili...')
#2 Z:\BTS2\Informatique\AP\PITON\GSBFrais\system\Database\BaseConnection.php(646): CodeIgniter\Database\BaseConnection->simpleQuery('SELECT `idutili...')
#3 Z:\BTS2\Informatique\AP\PITON\GSBFrais\system\Database\BaseBuilder.php(1649): CodeIgniter\Database\BaseConnection->query('SELECT `idutili...', Array, false)
#4 Z:\BTS2\Informatique\AP\PITON\GSBFrais\app\Models\GsbModel.php(17): CodeIgniter\Database\BaseBuilder->get()
#5 Z:\BTS2\Informatique\AP\PITON\GSBFrais\app\Controllers\Connexion.php(52): App\Models\GsbModel->get_infos_utilisateur('admin', 'admin')
#6 Z:\BTS2\Informatique\AP\PITON\GSBFrais\system\CodeIgniter.php(933): App\Controllers\Connexion->valider()
#7 Z:\BTS2\Informatique\AP\PITON\GSBFrais\system\CodeIgniter.php(507): CodeIgniter\CodeIgniter->runController(Object(App\Controllers\Connexion))
#8 Z:\BTS2\Informatique\AP\PITON\GSBFrais\system\CodeIgniter.php(354): CodeIgniter\CodeIgniter->handleRequest(NULL, Object(Config\Cache), false)
#9 Z:\BTS2\Informatique\AP\PITON\GSBFrais\system\Boot.php(363): CodeIgniter\CodeIgniter->run()
#10 Z:\BTS2\Informatique\AP\PITON\GSBFrais\system\Boot.php(68): CodeIgniter\Boot::runCodeIgniter(Object(CodeIgniter\CodeIgniter))
#11 Z:\BTS2\Informatique\AP\PITON\GSBFrais\public\index.php(59): CodeIgniter\Boot::bootWeb(Object(Config\Paths))
#12 Z:\BTS2\Informatique\AP\PITON\GSBFrais\system\rewrite.php(44): require_once('Z:\\BTS2\\Informa...')
#13 {main}
CRITICAL - 2025-11-13 12:00:13 --> CodeIgniter\Database\Exceptions\DatabaseException: Table 'gsbfrais-2025.infos_utilisateur' doesn't exist
[Method: POST, Route: connexion/valider]
in SYSTEMPATH\Database\BaseConnection.php on line 684.
 1 SYSTEMPATH\Database\BaseBuilder.php(1649): CodeIgniter\Database\BaseConnection->query('SELECT `idutilisateur`, `nom`, `prenom`, `login`, `mdp`, `libelle`, `idRole`
FROM `infos_utilisateur`
WHERE `login` = :login:
AND `mdp` = :mdp:', [...], false)
 2 APPPATH\Models\GsbModel.php(17): CodeIgniter\Database\BaseBuilder->get()
 3 APPPATH\Controllers\Connexion.php(52): App\Models\GsbModel->get_infos_utilisateur('admin', 'admin')
 4 SYSTEMPATH\CodeIgniter.php(933): App\Controllers\Connexion->valider()
 5 SYSTEMPATH\CodeIgniter.php(507): CodeIgniter\CodeIgniter->runController(Object(App\Controllers\Connexion))
 6 SYSTEMPATH\CodeIgniter.php(354): CodeIgniter\CodeIgniter->handleRequest(null, Object(Config\Cache), false)
 7 SYSTEMPATH\Boot.php(363): CodeIgniter\CodeIgniter->run()
 8 SYSTEMPATH\Boot.php(68): CodeIgniter\Boot::runCodeIgniter(Object(CodeIgniter\CodeIgniter))
 9 FCPATH\index.php(59): CodeIgniter\Boot::bootWeb(Object(Config\Paths))
10 SYSTEMPATH\rewrite.php(44): require_once('Z:\\BTS2\\Informatique\\AP\\PITON\\GSBFrais\\public\\index.php')
CRITICAL - 2025-11-13 12:00:13 --> [Caused by] CodeIgniter\Database\Exceptions\DatabaseException: Table 'gsbfrais-2025.infos_utilisateur' doesn't exist
in SYSTEMPATH\Database\MySQLi\Connection.php on line 332.
 1 SYSTEMPATH\Database\BaseConnection.php(729): CodeIgniter\Database\MySQLi\Connection->execute('SELECT `idutilisateur`, `nom`, `prenom`, `login`, `mdp`, `libelle`, `idRole`
FROM `infos_utilisateur`
WHERE `login` = \'admin\'
AND `mdp` = \'admin\'')
 2 SYSTEMPATH\Database\BaseConnection.php(646): CodeIgniter\Database\BaseConnection->simpleQuery('SELECT `idutilisateur`, `nom`, `prenom`, `login`, `mdp`, `libelle`, `idRole`
FROM `infos_utilisateur`
WHERE `login` = \'admin\'
AND `mdp` = \'admin\'')
 3 SYSTEMPATH\Database\BaseBuilder.php(1649): CodeIgniter\Database\BaseConnection->query('SELECT `idutilisateur`, `nom`, `prenom`, `login`, `mdp`, `libelle`, `idRole`
FROM `infos_utilisateur`
WHERE `login` = :login:
AND `mdp` = :mdp:', [...], false)
 4 APPPATH\Models\GsbModel.php(17): CodeIgniter\Database\BaseBuilder->get()
 5 APPPATH\Controllers\Connexion.php(52): App\Models\GsbModel->get_infos_utilisateur('admin', 'admin')
 6 SYSTEMPATH\CodeIgniter.php(933): App\Controllers\Connexion->valider()
 7 SYSTEMPATH\CodeIgniter.php(507): CodeIgniter\CodeIgniter->runController(Object(App\Controllers\Connexion))
 8 SYSTEMPATH\CodeIgniter.php(354): CodeIgniter\CodeIgniter->handleRequest(null, Object(Config\Cache), false)
 9 SYSTEMPATH\Boot.php(363): CodeIgniter\CodeIgniter->run()
10 SYSTEMPATH\Boot.php(68): CodeIgniter\Boot::runCodeIgniter(Object(CodeIgniter\CodeIgniter))
11 FCPATH\index.php(59): CodeIgniter\Boot::bootWeb(Object(Config\Paths))
12 SYSTEMPATH\rewrite.php(44): require_once('Z:\\BTS2\\Informatique\\AP\\PITON\\GSBFrais\\public\\index.php')
CRITICAL - 2025-11-13 12:00:13 --> [Caused by] mysqli_sql_exception: Table 'gsbfrais-2025.infos_utilisateur' doesn't exist
in SYSTEMPATH\Database\MySQLi\Connection.php on line 327.
 1 SYSTEMPATH\Database\MySQLi\Connection.php(327): mysqli->query('SELECT `idutilisateur`, `nom`, `prenom`, `login`, `mdp`, `libelle`, `idRole`
FROM `infos_utilisateur`
WHERE `login` = \'admin\'
AND `mdp` = \'admin\'', 0)
 2 SYSTEMPATH\Database\BaseConnection.php(729): CodeIgniter\Database\MySQLi\Connection->execute('SELECT `idutilisateur`, `nom`, `prenom`, `login`, `mdp`, `libelle`, `idRole`
FROM `infos_utilisateur`
WHERE `login` = \'admin\'
AND `mdp` = \'admin\'')
 3 SYSTEMPATH\Database\BaseConnection.php(646): CodeIgniter\Database\BaseConnection->simpleQuery('SELECT `idutilisateur`, `nom`, `prenom`, `login`, `mdp`, `libelle`, `idRole`
FROM `infos_utilisateur`
WHERE `login` = \'admin\'
AND `mdp` = \'admin\'')
 4 SYSTEMPATH\Database\BaseBuilder.php(1649): CodeIgniter\Database\BaseConnection->query('SELECT `idutilisateur`, `nom`, `prenom`, `login`, `mdp`, `libelle`, `idRole`
FROM `infos_utilisateur`
WHERE `login` = :login:
AND `mdp` = :mdp:', [...], false)
 5 APPPATH\Models\GsbModel.php(17): CodeIgniter\Database\BaseBuilder->get()
 6 APPPATH\Controllers\Connexion.php(52): App\Models\GsbModel->get_infos_utilisateur('admin', 'admin')
 7 SYSTEMPATH\CodeIgniter.php(933): App\Controllers\Connexion->valider()
 8 SYSTEMPATH\CodeIgniter.php(507): CodeIgniter\CodeIgniter->runController(Object(App\Controllers\Connexion))
 9 SYSTEMPATH\CodeIgniter.php(354): CodeIgniter\CodeIgniter->handleRequest(null, Object(Config\Cache), false)
10 SYSTEMPATH\Boot.php(363): CodeIgniter\CodeIgniter->run()
11 SYSTEMPATH\Boot.php(68): CodeIgniter\Boot::runCodeIgniter(Object(CodeIgniter\CodeIgniter))
12 FCPATH\index.php(59): CodeIgniter\Boot::bootWeb(Object(Config\Paths))
13 SYSTEMPATH\rewrite.php(44): require_once('Z:\\BTS2\\Informatique\\AP\\PITON\\GSBFrais\\public\\index.php')
DEBUG - 2025-11-13 12:01:08 --> Session: Class initialized using 'CodeIgniter\Session\Handlers\FileHandler' driver.
DEBUG - 2025-11-13 12:01:09 --> Session: Class initialized using 'CodeIgniter\Session\Handlers\FileHandler' driver.
DEBUG - 2025-11-13 12:01:13 --> Session: Class initialized using 'CodeIgniter\Session\Handlers\FileHandler' driver.
CRITICAL - 2025-11-13 12:01:13 --> TypeError: App\Libraries\Gsb_lib::get_annee_from_anneemois(): Argument #1 ($annee_mois) must be of type string, null given, called in Z:\BTS2\Informatique\AP\PITON\GSBFrais\app\Models\GsbModel.php on line 124
[Method: GET, Route: gererfrais]
in APPPATH\Libraries\Gsb_lib.php on line 29.
 1 APPPATH\Models\GsbModel.php(124): App\Libraries\Gsb_lib->get_annee_from_anneemois(null)
 2 APPPATH\Controllers\Gererfrais.php(45): App\Models\GsbModel->cree_nouvelles_lignes_frais('a100', '2025', '11')
 3 SYSTEMPATH\CodeIgniter.php(933): App\Controllers\Gererfrais->index()
 4 SYSTEMPATH\CodeIgniter.php(507): CodeIgniter\CodeIgniter->runController(Object(App\Controllers\Gererfrais))
 5 SYSTEMPATH\CodeIgniter.php(354): CodeIgniter\CodeIgniter->handleRequest(null, Object(Config\Cache), false)
 6 SYSTEMPATH\Boot.php(363): CodeIgniter\CodeIgniter->run()
 7 SYSTEMPATH\Boot.php(68): CodeIgniter\Boot::runCodeIgniter(Object(CodeIgniter\CodeIgniter))
 8 FCPATH\index.php(59): CodeIgniter\Boot::bootWeb(Object(Config\Paths))
 9 SYSTEMPATH\rewrite.php(44): require_once('Z:\\BTS2\\Informatique\\AP\\PITON\\GSBFrais\\public\\index.php')
DEBUG - 2025-11-13 12:03:40 --> Session: Class initialized using 'CodeIgniter\Session\Handlers\FileHandler' driver.
DEBUG - 2025-11-13 12:03:41 --> Session: Class initialized using 'CodeIgniter\Session\Handlers\FileHandler' driver.
DEBUG - 2025-11-13 12:03:46 --> Session: Class initialized using 'CodeIgniter\Session\Handlers\FileHandler' driver.
CRITICAL - 2025-11-13 12:03:46 --> TypeError: App\Libraries\Gsb_lib::get_annee_from_anneemois(): Argument #1 ($annee_mois) must be of type string, null given, called in Z:\BTS2\Informatique\AP\PITON\GSBFrais\app\Models\GsbModel.php on line 124
[Method: GET, Route: gererfrais]
in APPPATH\Libraries\Gsb_lib.php on line 29.
 1 APPPATH\Models\GsbModel.php(124): App\Libraries\Gsb_lib->get_annee_from_anneemois(null)
 2 APPPATH\Controllers\Gererfrais.php(45): App\Models\GsbModel->cree_nouvelles_lignes_frais('a100', '2025', '11')
 3 SYSTEMPATH\CodeIgniter.php(933): App\Controllers\Gererfrais->index()
 4 SYSTEMPATH\CodeIgniter.php(507): CodeIgniter\CodeIgniter->runController(Object(App\Controllers\Gererfrais))
 5 SYSTEMPATH\CodeIgniter.php(354): CodeIgniter\CodeIgniter->handleRequest(null, Object(Config\Cache), false)
 6 SYSTEMPATH\Boot.php(363): CodeIgniter\CodeIgniter->run()
 7 SYSTEMPATH\Boot.php(68): CodeIgniter\Boot::runCodeIgniter(Object(CodeIgniter\CodeIgniter))
 8 FCPATH\index.php(59): CodeIgniter\Boot::bootWeb(Object(Config\Paths))
 9 SYSTEMPATH\rewrite.php(44): require_once('Z:\\BTS2\\Informatique\\AP\\PITON\\GSBFrais\\public\\index.php')
DEBUG - 2025-11-13 14:24:43 --> Session: Class initialized using 'CodeIgniter\Session\Handlers\FileHandler' driver.
ERROR - 2025-11-13 14:24:49 --> mysqli_sql_exception: Table 'gsbfrais-2025.infos_utilisateur' doesn't exist in Z:\BTS2\Informatique\AP\PITON\GSBFrais\system\Database\MySQLi\Connection.php:327
Stack trace:
#0 Z:\BTS2\Informatique\AP\PITON\GSBFrais\system\Database\MySQLi\Connection.php(327): mysqli->query('SELECT `idutili...', 0)
#1 Z:\BTS2\Informatique\AP\PITON\GSBFrais\system\Database\BaseConnection.php(729): CodeIgniter\Database\MySQLi\Connection->execute('SELECT `idutili...')
#2 Z:\BTS2\Informatique\AP\PITON\GSBFrais\system\Database\BaseConnection.php(646): CodeIgniter\Database\BaseConnection->simpleQuery('SELECT `idutili...')
#3 Z:\BTS2\Informatique\AP\PITON\GSBFrais\system\Database\BaseBuilder.php(1649): CodeIgniter\Database\BaseConnection->query('SELECT `idutili...', Array, false)
#4 Z:\BTS2\Informatique\AP\PITON\GSBFrais\app\Models\GsbModel.php(17): CodeIgniter\Database\BaseBuilder->get()
#5 Z:\BTS2\Informatique\AP\PITON\GSBFrais\app\Controllers\Connexion.php(52): App\Models\GsbModel->get_infos_utilisateur('admin', 'admin')
#6 Z:\BTS2\Informatique\AP\PITON\GSBFrais\system\CodeIgniter.php(933): App\Controllers\Connexion->valider()
#7 Z:\BTS2\Informatique\AP\PITON\GSBFrais\system\CodeIgniter.php(507): CodeIgniter\CodeIgniter->runController(Object(App\Controllers\Connexion))
#8 Z:\BTS2\Informatique\AP\PITON\GSBFrais\system\CodeIgniter.php(354): CodeIgniter\CodeIgniter->handleRequest(NULL, Object(Config\Cache), false)
#9 Z:\BTS2\Informatique\AP\PITON\GSBFrais\system\Boot.php(363): CodeIgniter\CodeIgniter->run()
#10 Z:\BTS2\Informatique\AP\PITON\GSBFrais\system\Boot.php(68): CodeIgniter\Boot::runCodeIgniter(Object(CodeIgniter\CodeIgniter))
#11 Z:\BTS2\Informatique\AP\PITON\GSBFrais\public\index.php(59): CodeIgniter\Boot::bootWeb(Object(Config\Paths))
#12 Z:\BTS2\Informatique\AP\PITON\GSBFrais\system\rewrite.php(44): require_once('Z:\\BTS2\\Informa...')
#13 {main}
CRITICAL - 2025-11-13 14:24:50 --> CodeIgniter\Database\Exceptions\DatabaseException: Table 'gsbfrais-2025.infos_utilisateur' doesn't exist
[Method: POST, Route: connexion/valider]
in SYSTEMPATH\Database\BaseConnection.php on line 684.
 1 SYSTEMPATH\Database\BaseBuilder.php(1649): CodeIgniter\Database\BaseConnection->query('SELECT `idutilisateur`, `nom`, `prenom`, `login`, `mdp`, `libelle`, `idRole`
FROM `infos_utilisateur`
WHERE `login` = :login:
AND `mdp` = :mdp:', [...], false)
 2 APPPATH\Models\GsbModel.php(17): CodeIgniter\Database\BaseBuilder->get()
 3 APPPATH\Controllers\Connexion.php(52): App\Models\GsbModel->get_infos_utilisateur('admin', 'admin')
 4 SYSTEMPATH\CodeIgniter.php(933): App\Controllers\Connexion->valider()
 5 SYSTEMPATH\CodeIgniter.php(507): CodeIgniter\CodeIgniter->runController(Object(App\Controllers\Connexion))
 6 SYSTEMPATH\CodeIgniter.php(354): CodeIgniter\CodeIgniter->handleRequest(null, Object(Config\Cache), false)
 7 SYSTEMPATH\Boot.php(363): CodeIgniter\CodeIgniter->run()
 8 SYSTEMPATH\Boot.php(68): CodeIgniter\Boot::runCodeIgniter(Object(CodeIgniter\CodeIgniter))
 9 FCPATH\index.php(59): CodeIgniter\Boot::bootWeb(Object(Config\Paths))
10 SYSTEMPATH\rewrite.php(44): require_once('Z:\\BTS2\\Informatique\\AP\\PITON\\GSBFrais\\public\\index.php')
CRITICAL - 2025-11-13 14:24:50 --> [Caused by] CodeIgniter\Database\Exceptions\DatabaseException: Table 'gsbfrais-2025.infos_utilisateur' doesn't exist
in SYSTEMPATH\Database\MySQLi\Connection.php on line 332.
 1 SYSTEMPATH\Database\BaseConnection.php(729): CodeIgniter\Database\MySQLi\Connection->execute('SELECT `idutilisateur`, `nom`, `prenom`, `login`, `mdp`, `libelle`, `idRole`
FROM `infos_utilisateur`
WHERE `login` = \'admin\'
AND `mdp` = \'admin\'')
 2 SYSTEMPATH\Database\BaseConnection.php(646): CodeIgniter\Database\BaseConnection->simpleQuery('SELECT `idutilisateur`, `nom`, `prenom`, `login`, `mdp`, `libelle`, `idRole`
FROM `infos_utilisateur`
WHERE `login` = \'admin\'
AND `mdp` = \'admin\'')
 3 SYSTEMPATH\Database\BaseBuilder.php(1649): CodeIgniter\Database\BaseConnection->query('SELECT `idutilisateur`, `nom`, `prenom`, `login`, `mdp`, `libelle`, `idRole`
FROM `infos_utilisateur`
WHERE `login` = :login:
AND `mdp` = :mdp:', [...], false)
 4 APPPATH\Models\GsbModel.php(17): CodeIgniter\Database\BaseBuilder->get()
 5 APPPATH\Controllers\Connexion.php(52): App\Models\GsbModel->get_infos_utilisateur('admin', 'admin')
 6 SYSTEMPATH\CodeIgniter.php(933): App\Controllers\Connexion->valider()
 7 SYSTEMPATH\CodeIgniter.php(507): CodeIgniter\CodeIgniter->runController(Object(App\Controllers\Connexion))
 8 SYSTEMPATH\CodeIgniter.php(354): CodeIgniter\CodeIgniter->handleRequest(null, Object(Config\Cache), false)
 9 SYSTEMPATH\Boot.php(363): CodeIgniter\CodeIgniter->run()
10 SYSTEMPATH\Boot.php(68): CodeIgniter\Boot::runCodeIgniter(Object(CodeIgniter\CodeIgniter))
11 FCPATH\index.php(59): CodeIgniter\Boot::bootWeb(Object(Config\Paths))
12 SYSTEMPATH\rewrite.php(44): require_once('Z:\\BTS2\\Informatique\\AP\\PITON\\GSBFrais\\public\\index.php')
CRITICAL - 2025-11-13 14:24:50 --> [Caused by] mysqli_sql_exception: Table 'gsbfrais-2025.infos_utilisateur' doesn't exist
in SYSTEMPATH\Database\MySQLi\Connection.php on line 327.
 1 SYSTEMPATH\Database\MySQLi\Connection.php(327): mysqli->query('SELECT `idutilisateur`, `nom`, `prenom`, `login`, `mdp`, `libelle`, `idRole`
FROM `infos_utilisateur`
WHERE `login` = \'admin\'
AND `mdp` = \'admin\'', 0)
 2 SYSTEMPATH\Database\BaseConnection.php(729): CodeIgniter\Database\MySQLi\Connection->execute('SELECT `idutilisateur`, `nom`, `prenom`, `login`, `mdp`, `libelle`, `idRole`
FROM `infos_utilisateur`
WHERE `login` = \'admin\'
AND `mdp` = \'admin\'')
 3 SYSTEMPATH\Database\BaseConnection.php(646): CodeIgniter\Database\BaseConnection->simpleQuery('SELECT `idutilisateur`, `nom`, `prenom`, `login`, `mdp`, `libelle`, `idRole`
FROM `infos_utilisateur`
WHERE `login` = \'admin\'
AND `mdp` = \'admin\'')
 4 SYSTEMPATH\Database\BaseBuilder.php(1649): CodeIgniter\Database\BaseConnection->query('SELECT `idutilisateur`, `nom`, `prenom`, `login`, `mdp`, `libelle`, `idRole`
FROM `infos_utilisateur`
WHERE `login` = :login:
AND `mdp` = :mdp:', [...], false)
 5 APPPATH\Models\GsbModel.php(17): CodeIgniter\Database\BaseBuilder->get()
 6 APPPATH\Controllers\Connexion.php(52): App\Models\GsbModel->get_infos_utilisateur('admin', 'admin')
 7 SYSTEMPATH\CodeIgniter.php(933): App\Controllers\Connexion->valider()
 8 SYSTEMPATH\CodeIgniter.php(507): CodeIgniter\CodeIgniter->runController(Object(App\Controllers\Connexion))
 9 SYSTEMPATH\CodeIgniter.php(354): CodeIgniter\CodeIgniter->handleRequest(null, Object(Config\Cache), false)
10 SYSTEMPATH\Boot.php(363): CodeIgniter\CodeIgniter->run()
11 SYSTEMPATH\Boot.php(68): CodeIgniter\Boot::runCodeIgniter(Object(CodeIgniter\CodeIgniter))
12 FCPATH\index.php(59): CodeIgniter\Boot::bootWeb(Object(Config\Paths))
13 SYSTEMPATH\rewrite.php(44): require_once('Z:\\BTS2\\Informatique\\AP\\PITON\\GSBFrais\\public\\index.php')
DEBUG - 2025-11-13 16:22:20 --> Session: Class initialized using 'CodeIgniter\Session\Handlers\FileHandler' driver.
DEBUG - 2025-11-13 16:22:26 --> Session: Class initialized using 'CodeIgniter\Session\Handlers\FileHandler' driver.
DEBUG - 2025-11-13 16:22:27 --> Session: Class initialized using 'CodeIgniter\Session\Handlers\FileHandler' driver.
DEBUG - 2025-11-13 16:22:35 --> Session: Class initialized using 'CodeIgniter\Session\Handlers\FileHandler' driver.
WARNING - 2025-11-13 16:22:35 --> [DEPRECATED] substr(): Passing null to parameter #1 ($string) of type string is deprecated in APPPATH\Libraries\Gsb_lib.php on line 31.
 1 APPPATH\Libraries\Gsb_lib.php(31): substr(null, 0, 4)
 2 APPPATH\Models\GsbModel.php(124): App\Libraries\Gsb_lib->get_annee_from_anneemois(null)
 3 APPPATH\Controllers\Gererfrais.php(45): App\Models\GsbModel->cree_nouvelles_lignes_frais('a100', '2025', '11')
 4 SYSTEMPATH\CodeIgniter.php(933): App\Controllers\Gererfrais->index()
 5 SYSTEMPATH\CodeIgniter.php(507): CodeIgniter\CodeIgniter->runController(Object(App\Controllers\Gererfrais))
 6 SYSTEMPATH\CodeIgniter.php(354): CodeIgniter\CodeIgniter->handleRequest(null, Object(Config\Cache), false)
 7 SYSTEMPATH\Boot.php(363): CodeIgniter\CodeIgniter->run()
 8 SYSTEMPATH\Boot.php(68): CodeIgniter\Boot::runCodeIgniter(Object(CodeIgniter\CodeIgniter))
 9 FCPATH\index.php(59): CodeIgniter\Boot::bootWeb(Object(Config\Paths))
10 SYSTEMPATH\rewrite.php(44): require_once('Z:\\BTS2\\Informatique\\AP\\PITON\\GSBFrais\\public\\index.php')
WARNING - 2025-11-13 16:22:35 --> [DEPRECATED] strlen(): Passing null to parameter #1 ($string) of type string is deprecated in APPPATH\Libraries\Gsb_lib.php on line 36.
 1 APPPATH\Libraries\Gsb_lib.php(36): strlen(null)
 2 APPPATH\Models\GsbModel.php(125): App\Libraries\Gsb_lib->get_mois_from_anneemois(null)
 3 APPPATH\Controllers\Gererfrais.php(45): App\Models\GsbModel->cree_nouvelles_lignes_frais('a100', '2025', '11')
 4 SYSTEMPATH\CodeIgniter.php(933): App\Controllers\Gererfrais->index()
 5 SYSTEMPATH\CodeIgniter.php(507): CodeIgniter\CodeIgniter->runController(Object(App\Controllers\Gererfrais))
 6 SYSTEMPATH\CodeIgniter.php(354): CodeIgniter\CodeIgniter->handleRequest(null, Object(Config\Cache), false)
 7 SYSTEMPATH\Boot.php(363): CodeIgniter\CodeIgniter->run()
 8 SYSTEMPATH\Boot.php(68): CodeIgniter\Boot::runCodeIgniter(Object(CodeIgniter\CodeIgniter))
 9 FCPATH\index.php(59): CodeIgniter\Boot::bootWeb(Object(Config\Paths))
10 SYSTEMPATH\rewrite.php(44): require_once('Z:\\BTS2\\Informatique\\AP\\PITON\\GSBFrais\\public\\index.php')
WARNING - 2025-11-13 16:22:35 --> [DEPRECATED] substr(): Passing null to parameter #1 ($string) of type string is deprecated in APPPATH\Libraries\Gsb_lib.php on line 36.
 1 APPPATH\Libraries\Gsb_lib.php(36): substr(null, 4, -4)
 2 APPPATH\Models\GsbModel.php(125): App\Libraries\Gsb_lib->get_mois_from_anneemois(null)
 3 APPPATH\Controllers\Gererfrais.php(45): App\Models\GsbModel->cree_nouvelles_lignes_frais('a100', '2025', '11')
 4 SYSTEMPATH\CodeIgniter.php(933): App\Controllers\Gererfrais->index()
 5 SYSTEMPATH\CodeIgniter.php(507): CodeIgniter\CodeIgniter->runController(Object(App\Controllers\Gererfrais))
 6 SYSTEMPATH\CodeIgniter.php(354): CodeIgniter\CodeIgniter->handleRequest(null, Object(Config\Cache), false)
 7 SYSTEMPATH\Boot.php(363): CodeIgniter\CodeIgniter->run()
 8 SYSTEMPATH\Boot.php(68): CodeIgniter\Boot::runCodeIgniter(Object(CodeIgniter\CodeIgniter))
 9 FCPATH\index.php(59): CodeIgniter\Boot::bootWeb(Object(Config\Paths))
10 SYSTEMPATH\rewrite.php(44): require_once('Z:\\BTS2\\Informatique\\AP\\PITON\\GSBFrais\\public\\index.php')
DEBUG - 2025-11-13 16:22:38 --> Session: Class initialized using 'CodeIgniter\Session\Handlers\FileHandler' driver.
DEBUG - 2025-11-13 16:22:43 --> Session: Class initialized using 'CodeIgniter\Session\Handlers\FileHandler' driver.
